2016-10-08 13:34:35+0800 [-] Log opened.
2016-10-08 13:34:35+0800 [-] twistd 15.4.0 (/Users/zhanghe/code/scrapy_project/scrapy.env/bin/python2.7 2.7.12) starting up.
2016-10-08 13:34:35+0800 [-] reactor class: twisted.internet.selectreactor.SelectReactor.
2016-10-08 13:34:35+0800 [-] Site starting on 6800
2016-10-08 13:34:35+0800 [-] Starting factory <twisted.web.server.Site instance at 0x10b116f80>
2016-10-08 13:34:35+0800 [Launcher] Scrapyd 1.1.0 started: max_proc=32, runner='scrapyd.runner'
2016-10-08 13:44:21+0800 [-] Received SIGTERM, shutting down.
2016-10-08 13:44:51+0800 [-] Log opened.
2016-10-08 13:44:51+0800 [-] twistd 15.4.0 (/Users/zhanghe/code/scrapy_project/scrapy.env/bin/python2.7 2.7.12) starting up.
2016-10-08 13:44:51+0800 [-] reactor class: twisted.internet.selectreactor.SelectReactor.
2016-10-08 13:44:51+0800 [-] Site starting on 6800
2016-10-08 13:44:51+0800 [-] Starting factory <twisted.web.server.Site instance at 0x110894f80>
2016-10-08 13:44:51+0800 [Launcher] Scrapyd 1.1.0 started: max_proc=32, runner='scrapyd.runner'
2016-10-08 13:48:53+0800 [-] Received SIGTERM, shutting down.
2016-10-08 13:49:02+0800 [-] Log opened.
2016-10-08 13:49:02+0800 [-] twistd 15.4.0 (/Users/zhanghe/code/scrapy_project/scrapy.env/bin/python2.7 2.7.12) starting up.
2016-10-08 13:49:02+0800 [-] reactor class: twisted.internet.selectreactor.SelectReactor.
2016-10-08 13:49:02+0800 [-] Site starting on 6800
2016-10-08 13:49:02+0800 [-] Starting factory <twisted.web.server.Site instance at 0x102fb17e8>
2016-10-08 13:49:02+0800 [Launcher] Scrapyd 1.1.0 started: max_proc=32, runner='scrapyd.runner'
2016-10-08 13:50:02+0800 [-] Received SIGTERM, shutting down.
2016-10-08 14:02:19+0800 [-] Log opened.
2016-10-08 14:02:19+0800 [-] twistd 15.4.0 (/Users/zhanghe/code/scrapy_project/scrapy.env/bin/python2.7 2.7.12) starting up.
2016-10-08 14:02:19+0800 [-] reactor class: twisted.internet.selectreactor.SelectReactor.
2016-10-08 14:02:19+0800 [-] Site starting on 6800
2016-10-08 14:02:19+0800 [-] Starting factory <twisted.web.server.Site instance at 0x10230f7e8>
2016-10-08 14:02:19+0800 [Launcher] Scrapyd 1.1.0 started: max_proc=32, runner='scrapyd.runner'
2016-10-08 14:02:45+0800 [-] Received SIGTERM, shutting down.
2016-10-08 14:02:47+0800 [-] Log opened.
2016-10-08 14:02:47+0800 [-] twistd 15.4.0 (/Users/zhanghe/code/scrapy_project/scrapy.env/bin/python2.7 2.7.12) starting up.
2016-10-08 14:02:47+0800 [-] reactor class: twisted.internet.selectreactor.SelectReactor.
2016-10-08 14:02:47+0800 [-] Site starting on 6800
2016-10-08 14:02:47+0800 [-] Starting factory <twisted.web.server.Site instance at 0x104ca0f80>
2016-10-08 14:02:47+0800 [Launcher] Scrapyd 1.1.0 started: max_proc=32, runner='scrapyd.runner'
2016-10-08 14:19:27+0800 [-] "127.0.0.1" - - [08/Oct/2016:06:19:27 +0000] "GET /listprojects.json HTTP/1.1" 200 92 "-" "curl/7.49.1"
